#
# A fatal error has been detected by the Java Runtime Environment:
#
#  EXCEPTION_ACCESS_VIOLATION (0xc0000005) at pc=0x0000000053eaa3c5, pid=3848, tid=8368
#
# JRE version: Java(TM) SE Runtime Environment (8.0_25-b18) (build 1.8.0_25-b18)
# Java VM: Java HotSpot(TM) 64-Bit Server VM (25.25-b02 mixed mode windows-amd64 compressed oops)
# Problematic frame:
# V  [jvm.dll+0x11a3c5]
#
# Failed to write core dump. Minidumps are not enabled by default on client versions of Windows
#
# If you would like to submit a bug report, please visit:
#   http://bugreport.sun.com/bugreport/crash.jsp
#

---------------  T H R E A D  ---------------

Current thread (0x0000000018bef000):  JavaThread "JDWP Transport Listener: dt_socket" daemon [_thread_in_vm, id=8368, stack(0x000000001a890000,0x000000001a990000)]

siginfo: ExceptionCode=0xc0000005, reading address 0xffffffffffffffff

Registers:
RAX=0x000000001a98f601, RBX=0x0000000018bef000, RCX=0x65547363003b003b, RDX=0x0000000000000000
RSP=0x000000001a98f5c0, RBP=0x65547363003b003b, RSI=0x000000001a98f6d8, RDI=0x00000000024f95b0
R8 =0x0000000018bef000, R9 =0x0000000000000700, R10=0x2a3c7373616c432f, R11=0x0000016a00320078
R12=0x0000000000000000, R13=0x0000000018bef7c8, R14=0x0000000000000000, R15=0x0000000000000000
RIP=0x0000000053eaa3c5, EFLAGS=0x0000000000010202

Top of Stack: (sp=0x000000001a98f5c0)
0x000000001a98f5c0:   0000000018bef000 0000000018bef000
0x000000001a98f5d0:   000000001a98f688 00000000540a78db
0x000000001a98f5e0:   0000000018bef000 00000000540c413d
0x000000001a98f5f0:   0000000000000071 000000006a009149
0x000000001a98f600:   000000001b869e20 000000006a012912
0x000000001a98f610:   0000000018bef000 0000000000000000
0x000000001a98f620:   0000000000000000 0000000000000000
0x000000001a98f630:   65547363003b003b 000000006a011a09
0x000000001a98f640:   000000001a98f6d8 000000001a98f6b0
0x000000001a98f650:   0000000000000001 000000001b869e20
0x000000001a98f660:   65547363003b003b 0000000069ff53b3
0x000000001a98f670:   000000001a98f7a0 0000000000000001
0x000000001a98f680:   0000000000000001 000000001b869e20
0x000000001a98f690:   0000000000000002 0000000000000000
0x000000001a98f6a0:   0000000000000000 0000000000000000
0x000000001a98f6b0:   0000000000000001 0000000069ff5571 

Instructions: (pc=0x0000000053eaa3c5)
0x0000000053eaa3a5:   cc cc cc cc cc cc cc cc cc cc cc 48 83 ec 28 48
0x0000000053eaa3b5:   85 c9 75 07 33 c0 48 83 c4 28 c3 48 89 5c 24 20
0x0000000053eaa3c5:   48 8b 19 48 85 db 74 20 48 83 fb 37 74 1a 48 8b
0x0000000053eaa3d5:   13 48 8b cb ff 52 10 84 c0 74 0d 48 8b c3 48 8b 


Register to memory mapping:

RAX=0x000000001a98f601 is pointing into the stack for thread: 0x0000000018bef000
RBX=0x0000000018bef000 is a thread
RCX=0x65547363003b003b is an unknown value
RDX=0x0000000000000000 is an unknown value
RSP=0x000000001a98f5c0 is pointing into the stack for thread: 0x0000000018bef000
RBP=0x65547363003b003b is an unknown value
RSI=0x000000001a98f6d8 is pointing into the stack for thread: 0x0000000018bef000
RDI=0x00000000024f95b0 is an unknown value
R8 =0x0000000018bef000 is a thread
R9 =0x0000000000000700 is an unknown value
R10=0x2a3c7373616c432f is an unknown value
R11=0x0000016a00320078 is an unknown value
R12=0x0000000000000000 is an unknown value
R13=0x0000000018bef7c8 is an unknown value
R14=0x0000000000000000 is an unknown value
R15=0x0000000000000000 is an unknown value


Stack: [0x000000001a890000,0x000000001a990000],  sp=0x000000001a98f5c0,  free space=1021k
Native frames: (J=compiled Java code, j=interpreted, Vv=VM code, C=native code)
V  [jvm.dll+0x11a3c5]
V  [jvm.dll+0x33413d]
C  [jdwp.dll+0x21a09]
C  [jdwp.dll+0x53b3]
C  [jdwp.dll+0x5571]
C  [jdwp.dll+0xf09c]
C  [jdwp.dll+0x1f2c9]
C  [jdwp.dll+0x1f49e]
V  [jvm.dll+0x1abba8]
V  [jvm.dll+0x22bde4]
V  [jvm.dll+0x2852fa]
C  [msvcr100.dll+0x21d9f]
C  [msvcr100.dll+0x21e3b]
C  [kernel32.dll+0x15a4d]
C  [ntdll.dll+0x2b831]


---------------  P R O C E S S  ---------------

Java Threads: ( => current thread )
  0x0000000018d2d000 JavaThread "ReaderThread" [_thread_in_native, id=17168, stack(0x000000001b670000,0x000000001b770000)]
  0x0000000018c8b800 JavaThread "Service Thread" daemon [_thread_blocked, id=13120, stack(0x000000001a750000,0x000000001a850000)]
  0x0000000018c24800 JavaThread "C1 CompilerThread3" daemon [_thread_blocked, id=15400, stack(0x000000001b250000,0x000000001b350000)]
  0x0000000018c1c000 JavaThread "C2 CompilerThread2" daemon [_thread_blocked, id=14876, stack(0x000000001b060000,0x000000001b160000)]
  0x0000000018c19000 JavaThread "C2 CompilerThread1" daemon [_thread_blocked, id=10628, stack(0x000000001af00000,0x000000001b000000)]
  0x0000000018c11800 JavaThread "C2 CompilerThread0" daemon [_thread_blocked, id=18452, stack(0x000000001ad40000,0x000000001ae40000)]
  0x0000000018c04800 JavaThread "JDWP Command Reader" daemon [_thread_in_native, id=17756, stack(0x000000001ac00000,0x000000001ad00000)]
  0x0000000018c01800 JavaThread "JDWP Event Helper Thread" daemon [_thread_blocked, id=8824, stack(0x000000001aa60000,0x000000001ab60000)]
=>0x0000000018bef000 JavaThread "JDWP Transport Listener: dt_socket" daemon [_thread_in_vm, id=8368, stack(0x000000001a890000,0x000000001a990000)]
  0x0000000018be2000 JavaThread "Attach Listener" daemon [_thread_blocked, id=14716, stack(0x000000001a2c0000,0x000000001a3c0000)]
  0x0000000018be1000 JavaThread "Signal Dispatcher" daemon [_thread_blocked, id=7588, stack(0x000000001a110000,0x000000001a210000)]
  0x0000000017b17000 JavaThread "Finalizer" daemon [_thread_blocked, id=14736, stack(0x0000000019e60000,0x0000000019f60000)]
  0x00000000024ee800 JavaThread "Reference Handler" daemon [_thread_blocked, id=9764, stack(0x0000000019b00000,0x0000000019c00000)]
  0x00000000024ff800 JavaThread "main" [_thread_blocked, id=4436, stack(0x00000000027a0000,0x00000000028a0000)]

Other Threads:
  0x0000000018b83000 VMThread [stack: 0x0000000019c40000,0x0000000019d40000] [id=6172]
  0x0000000018cac800 WatcherThread [stack: 0x000000001b4d0000,0x000000001b5d0000] [id=5640]

VM state:not at safepoint (normal execution)

VM Mutex/Monitor currently owned by a thread: None

Heap:
 PSYoungGen      total 37888K, used 8527K [0x00000000d6180000, 0x00000000d8b80000, 0x0000000100000000)
  eden space 32768K, 26% used [0x00000000d6180000,0x00000000d69d3e10,0x00000000d8180000)
  from space 5120K, 0% used [0x00000000d8680000,0x00000000d8680000,0x00000000d8b80000)
  to   space 5120K, 0% used [0x00000000d8180000,0x00000000d8180000,0x00000000d8680000)
 ParOldGen       total 86016K, used 0K [0x0000000082400000, 0x0000000087800000, 0x00000000d6180000)
  object space 86016K, 0% used [0x0000000082400000,0x0000000082400000,0x0000000087800000)
 Metaspace       used 5898K, capacity 6128K, committed 6144K, reserved 1056768K
  class space    used 702K, capacity 760K, committed 768K, reserved 1048576K

Card table byte_map: [0x0000000011c60000,0x0000000012050000] byte_map_base: 0x000000001184e000

Marking Bits: (ParMarkBitMap*) 0x000000005456d490
 Begin Bits: [0x0000000012e60000, 0x0000000014dd0000)
 End Bits:   [0x0000000014dd0000, 0x0000000016d40000)

Polling page: 0x0000000000330000

CodeCache: size=245760Kb used=2017Kb max_used=2029Kb free=243742Kb
 bounds [0x00000000028a0000, 0x0000000002b10000, 0x00000000118a0000]
 total_blobs=667 nmethods=380 adapters=209
 compilation: enabled

Compilation events (10 events):
Event: 0.393 Thread 0x0000000018c19000 nmethod 377 0x0000000002a88710 code [0x0000000002a88860, 0x0000000002a88b58]
Event: 0.393 Thread 0x0000000018c24800 nmethod 371 0x0000000002a88f50 code [0x0000000002a89180, 0x0000000002a89e68]
Event: 0.393 Thread 0x0000000018c24800  372       3       jdk.internal.org.objectweb.asm.Frame::type (416 bytes)
Event: 0.394 Thread 0x0000000018c24800 nmethod 372 0x0000000002a97e90 code [0x0000000002a98120, 0x0000000002a992c8]
Event: 0.394 Thread 0x0000000018c24800  378       3       sun.invoke.util.Wrapper::hashChar (9 bytes)
Event: 0.394 Thread 0x0000000018c24800 nmethod 378 0x0000000002a88390 code [0x0000000002a884e0, 0x0000000002a88650]
Event: 222.363 Thread 0x0000000018c24800  379       3       java.lang.Math::max (11 bytes)
Event: 222.363 Thread 0x0000000018c24800 nmethod 379 0x0000000002a97b50 code [0x0000000002a97ca0, 0x0000000002a97e30]
Event: 596.703 Thread 0x0000000018c1c000  380       4       java.lang.StringBuilder::append (8 bytes)
Event: 596.707 Thread 0x0000000018c1c000 nmethod 380 0x0000000002a9b710 code [0x0000000002a9b860, 0x0000000002a9bd78]

GC Heap History (0 events):
No events

Deoptimization events (0 events):
No events

Internal exceptions (10 events):
Event: 0.318 Thread 0x00000000024ff800 Exception <a 'java/lang/ArrayIndexOutOfBoundsException'> (0x00000000d68cd030) thrown at [D:\re\workspace\8-2-build-windows-amd64-cygwin\jdk8u25\1677\hotspot\src\share\vm\runtime\sharedRuntime.cpp, line 604]
Event: 0.318 Thread 0x00000000024ff800 Exception <a 'java/lang/ArrayIndexOutOfBoundsException'> (0x00000000d68ce6b8) thrown at [D:\re\workspace\8-2-build-windows-amd64-cygwin\jdk8u25\1677\hotspot\src\share\vm\runtime\sharedRuntime.cpp, line 604]
Event: 0.355 Thread 0x00000000024ff800 Exception <a 'java/lang/ArrayIndexOutOfBoundsException'> (0x00000000d68cfd80) thrown at [D:\re\workspace\8-2-build-windows-amd64-cygwin\jdk8u25\1677\hotspot\src\share\vm\runtime\sharedRuntime.cpp, line 604]
Event: 0.359 Thread 0x00000000024ff800 Exception <a 'java/security/PrivilegedActionException'> (0x00000000d68d0dd8) thrown at [D:\re\workspace\8-2-build-windows-amd64-cygwin\jdk8u25\1677\hotspot\src\share\vm\prims\jvm.cpp, line 1312]
Event: 0.369 Thread 0x00000000024ff800 Exception <a 'java/lang/ClassNotFoundException': java/lang/Null> (0x00000000d68ea098) thrown at [D:\re\workspace\8-2-build-windows-amd64-cygwin\jdk8u25\1677\hotspot\src\share\vm\classfile\systemDictionary.cpp, line 202]
Event: 0.380 Thread 0x00000000024ff800 Exception <a 'java/lang/NoSuchFieldError': method resolution failed> (0x00000000d694afe8) thrown at [D:\re\workspace\8-2-build-windows-amd64-cygwin\jdk8u25\1677\hotspot\src\share\vm\prims\methodHandles.cpp, line 1159]
Event: 0.383 Thread 0x00000000024ff800 Exception <a 'java/lang/NoSuchFieldError': method resolution failed> (0x00000000d6959e70) thrown at [D:\re\workspace\8-2-build-windows-amd64-cygwin\jdk8u25\1677\hotspot\src\share\vm\prims\methodHandles.cpp, line 1159]
Event: 0.384 Thread 0x00000000024ff800 Exception <a 'java/lang/NoSuchFieldError': method resolution failed> (0x00000000d695d2f0) thrown at [D:\re\workspace\8-2-build-windows-amd64-cygwin\jdk8u25\1677\hotspot\src\share\vm\prims\methodHandles.cpp, line 1159]
Event: 0.393 Thread 0x00000000024ff800 Exception <a 'java/lang/ArrayIndexOutOfBoundsException'> (0x00000000d6998638) thrown at [D:\re\workspace\8-2-build-windows-amd64-cygwin\jdk8u25\1677\hotspot\src\share\vm\runtime\sharedRuntime.cpp, line 604]
Event: 11.003 Thread 0x00000000024ff800 Exception <a 'java/lang/ArrayIndexOutOfBoundsException': 40> (0x00000000d6999660) thrown at [D:\re\workspace\8-2-build-windows-amd64-cygwin\jdk8u25\1677\hotspot\src\share\vm\interpreter\interpreterRuntime.cpp, line 366]

Events (10 events):
Event: 1090.317 Executing VM operation: GetCurrentLocation
Event: 1090.317 Executing VM operation: GetCurrentLocation done
Event: 1090.317 Executing VM operation: EnterInterpOnlyMode
Event: 1090.317 Executing VM operation: EnterInterpOnlyMode done
Event: 1090.317 Executing VM operation: ChangeSingleStep
Event: 1090.317 Executing VM operation: ChangeSingleStep done
Event: 1090.317 Executing VM operation: ChangeSingleStep
Event: 1090.317 Executing VM operation: ChangeSingleStep done
Event: 1090.321 Executing VM operation: RedefineClasses
Event: 1090.323 Executing VM operation: RedefineClasses done


Dynamic libraries:
0x000000013ff50000 - 0x000000013ff84000 	C:\Program Files\Java\jdk1.8.0_25\bin\javaw.exe
0x00000000772e0000 - 0x0000000077489000 	C:\Windows\SYSTEM32\ntdll.dll
0x00000000771c0000 - 0x00000000772df000 	C:\Windows\system32\kernel32.dll
0x000007fefd380000 - 0x000007fefd3ec000 	C:\Windows\system32\KERNELBASE.dll
0x000007fefe850000 - 0x000007fefe92b000 	C:\Windows\system32\ADVAPI32.dll
0x000007fefee20000 - 0x000007fefeebf000 	C:\Windows\system32\msvcrt.dll
0x000007fefee00000 - 0x000007fefee1f000 	C:\Windows\SYSTEM32\sechost.dll
0x000007fefd450000 - 0x000007fefd57d000 	C:\Windows\system32\RPCRT4.dll
0x00000000770c0000 - 0x00000000771ba000 	C:\Windows\system32\USER32.dll
0x000007fefecf0000 - 0x000007fefed57000 	C:\Windows\system32\GDI32.dll
0x000007fefda00000 - 0x000007fefda0e000 	C:\Windows\system32\LPK.dll
0x000007fefec20000 - 0x000007fefece9000 	C:\Windows\system32\USP10.dll
0x000007fefba60000 - 0x000007fefbc54000 	C:\Windows\WinSxS\amd64_microsoft.windows.common-controls_6595b64144ccf1df_6.0.7601.18837_none_fa3b1e3d17594757\COMCTL32.dll
0x000007feff570000 - 0x000007feff5e1000 	C:\Windows\system32\SHLWAPI.dll
0x000007fefe820000 - 0x000007fefe84e000 	C:\Windows\system32\IMM32.DLL
0x000007fefe930000 - 0x000007fefea39000 	C:\Windows\system32\MSCTF.dll
0x00000000677a0000 - 0x0000000067872000 	C:\Program Files\Java\jdk1.8.0_25\bin\msvcr100.dll
0x0000000053d90000 - 0x00000000545ea000 	C:\Program Files\Java\jdk1.8.0_25\bin\server\jvm.dll
0x000007fef9860000 - 0x000007fef9869000 	C:\Windows\system32\WSOCK32.dll
0x000007feff480000 - 0x000007feff4cd000 	C:\Windows\system32\WS2_32.dll
0x000007fefd790000 - 0x000007fefd798000 	C:\Windows\system32\NSI.dll
0x000007fefae30000 - 0x000007fefae6b000 	C:\Windows\system32\WINMM.dll
0x00000000774b0000 - 0x00000000774b7000 	C:\Windows\system32\PSAPI.DLL
0x00000000726e0000 - 0x00000000726ef000 	C:\Program Files\Java\jdk1.8.0_25\bin\verify.dll
0x000000006d8a0000 - 0x000000006d8c8000 	C:\Program Files\Java\jdk1.8.0_25\bin\java.dll
0x0000000069ff0000 - 0x000000006a025000 	C:\Program Files\Java\jdk1.8.0_25\bin\jdwp.dll
0x0000000070820000 - 0x0000000070828000 	C:\Program Files\Java\jdk1.8.0_25\bin\npt.dll
0x000000006df20000 - 0x000000006df36000 	C:\Program Files\Java\jdk1.8.0_25\bin\zip.dll
0x000007fefda10000 - 0x000007fefe799000 	C:\Windows\system32\SHELL32.dll
0x000007fefd580000 - 0x000007fefd783000 	C:\Windows\system32\ole32.dll
0x000007fefd090000 - 0x000007fefd09f000 	C:\Windows\system32\profapi.dll
0x0000000072740000 - 0x0000000072749000 	C:\Program Files\Java\jdk1.8.0_25\bin\dt_socket.dll
0x000007fefae80000 - 0x000007fefae95000 	C:\Windows\system32\NLAapi.dll
0x000007fef9870000 - 0x000007fef9885000 	C:\Windows\system32\napinsp.dll
0x000007fef9890000 - 0x000007fef98a9000 	C:\Windows\system32\pnrpnsp.dll
0x000007fefc830000 - 0x000007fefc885000 	C:\Windows\System32\mswsock.dll
0x000007fefc6b0000 - 0x000007fefc70b000 	C:\Windows\system32\DNSAPI.dll
0x000007fef8f30000 - 0x000007fef8f3b000 	C:\Windows\System32\winrnr.dll
0x000007fef98d0000 - 0x000007fef98fe000 	C:\Program Files\Common Files\Microsoft Shared\Windows Live\WLIDNSP.DLL
0x0000000074320000 - 0x0000000074346000 	C:\Program Files\Bonjour\mdnsNSP.dll
0x000007fefaa40000 - 0x000007fefaa67000 	C:\Windows\system32\Iphlpapi.DLL
0x000007fefaa30000 - 0x000007fefaa3b000 	C:\Windows\system32\WINNSI.DLL
0x000007fefa1d0000 - 0x000007fefa223000 	C:\Windows\System32\fwpuclnt.dll
0x000007fef98c0000 - 0x000007fef98c8000 	C:\Windows\system32\rasadhlp.dll
0x000007fefc1f0000 - 0x000007fefc1f7000 	C:\Windows\System32\wshtcpip.dll
0x000000006d820000 - 0x000000006d83a000 	C:\Program Files\Java\jdk1.8.0_25\bin\net.dll
0x000007fefc820000 - 0x000007fefc827000 	C:\Windows\System32\wship6.dll
0x000007fef7590000 - 0x000007fef76b5000 	C:\Windows\system32\dbghelp.dll

VM Arguments:
jvm_args: -agentlib:jdwp=transport=dt_socket,suspend=y,address=localhost:65388 -Dfile.encoding=UTF-8 
java_command: org.eclipse.jdt.internal.junit.runner.RemoteTestRunner -version 3 -port 65387 -testLoaderClass org.eclipse.jdt.internal.junit4.runner.JUnit4TestLoader -loaderpluginname org.eclipse.jdt.junit4.runtime -classNames org.synthe.ridill.scenario.testcase.ScenarioStubFactoryTestGenerics
java_class_path (initial): C:\work\git\ridill\ridill\target\test-classes;C:\work\git\ridill\ridill\target\classes;D:\maven\repo\junit\junit\4.12\junit-4.12.jar;D:\maven\repo\org\hamcrest\hamcrest-core\1.3\hamcrest-core-1.3.jar;/C:/tools/eclipse_did/configuration/org.eclipse.osgi/205/0/.cp/;/C:/tools/eclipse_did/configuration/org.eclipse.osgi/204/0/.cp/
Launcher Type: SUN_STANDARD

Environment Variables:
JAVA_HOME=C:\Program Files\Java\jdk1.8.0_25
PATH=C:\Program Files\Java\jdk1.8.0_25\jre\bin;C:/Program Files/Java/jdk1.8.0_25/bin/server;C:/Program Files/Java/jdk1.8.0_25/bin;C:/Program Files/Java/jdk1.8.0_25/lib/amd64;C:\ProgramData\Oracle\Java\javapath;C:\Program Files\Common Files\Microsoft Shared\Windows Live;C:\Program Files (x86)\Common Files\Microsoft Shared\Windows Live;C:\Windows\system32;C:\Windows;C:\Windows\System32\Wbem;C:\Windows\System32\WindowsPowerShell\v1.0\;C:\Program Files (x86)\Windows Live\Shared;%PROGRAMFILES%\Internet Explorer;C:\tools\dex2jar;C:\tools\android-sdks\tools;C:\tools\apktool;C:\tools\maven-3.3.1\bin;C:\Program Files (x86)\Kensington\TrackballWorks;C:\Program Files\Java\jdk1.8.0_25\bin;C:\Program Files\nodejs\;C:\Program Files\Git\cmd;C:\Users\ootsuki\AppData\Roaming\npm;C:\tools\eclipse_did;
USERNAME=ootsuki
OS=Windows_NT
PROCESSOR_IDENTIFIER=Intel64 Family 6 Model 42 Stepping 7, GenuineIntel



---------------  S Y S T E M  ---------------

OS: Windows 7 , 64 bit Build 7601 Service Pack 1

CPU:total 8 (4 cores per cpu, 2 threads per core) family 6 model 42 stepping 7, cmov, cx8, fxsr, mmx, sse, sse2, sse3, ssse3, sse4.1, sse4.2, popcnt, avx, aes, clmul, ht, tsc, tscinvbit

Memory: 4k page, physical 8233576k(3200080k free), swap 16465312k(5482052k free)

vm_info: Java HotSpot(TM) 64-Bit Server VM (25.25-b02) for windows-amd64 JRE (1.8.0_25-b18), built on Oct  7 2014 14:25:37 by "java_re" with MS VC++ 10.0 (VS2010)

time: Tue May 10 15:47:34 2016
elapsed time: 1090 seconds (0d 0h 18m 10s)

